[debug] [2021-05-14T13:53:26.378Z] ----------------------------------------------------------------------
[debug] [2021-05-14T13:53:26.382Z] Command:       C:\Program Files\nodejs\node.exe C:\Users\hp\AppData\Roaming\npm\node_modules\firebase-tools\lib\bin\firebase.js emulators:start --only functions
[debug] [2021-05-14T13:53:26.382Z] CLI Version:   9.10.2
[debug] [2021-05-14T13:53:26.382Z] Platform:      win32
[debug] [2021-05-14T13:53:26.382Z] Node Version:  v14.15.0
[debug] [2021-05-14T13:53:26.384Z] Time:          Fri May 14 2021 19:23:26 GMT+0530 (India Standard Time)
[debug] [2021-05-14T13:53:26.384Z] ----------------------------------------------------------------------
[debug] 
[debug] [2021-05-14T13:53:26.397Z] > command requires scopes: ["email","openid","https://www.googleapis.com/auth/cloudplatformprojects.readonly","https://www.googleapis.com/auth/firebase","https://www.googleapis.com/auth/cloud-platform"]
[debug] [2021-05-14T13:53:26.398Z] > authorizing via signed-in user (hhhhimanshummehra01@gmail.com)
[info] i  emulators: Starting emulators: functions {"metadata":{"emulator":{"name":"hub"},"message":"Starting emulators: functions"}}
[debug] [2021-05-14T13:53:26.450Z] [hub] writing locator at C:\Users\hp\AppData\Local\Temp\hub-myecom-4cbff.json
[warn] !  functions: The following emulators are not running, calls to these services from the Functions emulator will affect production: auth, firestore, database, hosting, pubsub {"metadata":{"emulator":{"name":"functions"},"message":"The following emulators are not running, calls to these services from the Functions emulator will affect production: \u001b[1mauth, firestore, database, hosting, pubsub\u001b[22m"}}
[warn] !  Your requested "node" version "12" doesn't match your global version "14" {"metadata":{"emulator":{"name":"functions"},"message":"Your requested \"node\" version \"12\" doesn't match your global version \"14\""}}
[debug] [2021-05-14T13:53:26.574Z] defaultcredentials: writing to file C:\Users\hp\AppData\Roaming\firebase\hhhhimanshummehra01_gmail_com_application_default_credentials.json
[debug] [2021-05-14T13:53:26.577Z] Setting GAC to C:\Users\hp\AppData\Roaming\firebase\hhhhimanshummehra01_gmail_com_application_default_credentials.json {"metadata":{"emulator":{"name":"functions"},"message":"Setting GAC to C:\\Users\\hp\\AppData\\Roaming\\firebase\\hhhhimanshummehra01_gmail_com_application_default_credentials.json"}}
[debug] [2021-05-14T13:53:26.579Z] >>> [apiv2][query] GET https://firebase.googleapis.com/v1beta1/projects/myecom-4cbff/adminSdkConfig [none]
[debug] [2021-05-14T13:53:27.492Z] <<< [apiv2][status] GET https://firebase.googleapis.com/v1beta1/projects/myecom-4cbff/adminSdkConfig 200
[debug] [2021-05-14T13:53:27.493Z] <<< [apiv2][body] GET https://firebase.googleapis.com/v1beta1/projects/myecom-4cbff/adminSdkConfig {"projectId":"myecom-4cbff","storageBucket":"myecom-4cbff.appspot.com","locationId":"us-central"}
[debug] [2021-05-14T13:53:27.533Z] Ignoring unsupported arg: auto_download {"metadata":{"emulator":{"name":"ui"},"message":"Ignoring unsupported arg: auto_download"}}
[debug] [2021-05-14T13:53:27.533Z] Ignoring unsupported arg: port {"metadata":{"emulator":{"name":"ui"},"message":"Ignoring unsupported arg: port"}}
[debug] [2021-05-14T13:53:27.534Z] Starting Emulator UI with command {"binary":"node","args":["C:\\Users\\hp\\.cache\\firebase\\emulators\\ui-v1.4.2\\server.bundle.js"],"optionalArgs":[],"joinArgs":false} {"metadata":{"emulator":{"name":"ui"},"message":"Starting Emulator UI with command {\"binary\":\"node\",\"args\":[\"C:\\\\Users\\\\hp\\\\.cache\\\\firebase\\\\emulators\\\\ui-v1.4.2\\\\server.bundle.js\"],\"optionalArgs\":[],\"joinArgs\":false}"}}
[info] i  ui: Emulator UI logging to ui-debug.log {"metadata":{"emulator":{"name":"ui"},"message":"Emulator UI logging to \u001b[1mui-debug.log\u001b[22m"}}
[debug] [2021-05-14T13:53:27.824Z] Web / API server started at http://localhost:4000
 {"metadata":{"emulator":{"name":"ui"},"message":"Web / API server started at http://localhost:4000\n"}}
[info] i  functions: Watching "C:\reactecom\functions" for Cloud Functions... {"metadata":{"emulator":{"name":"functions"},"message":"Watching \"C:\\reactecom\\functions\" for Cloud Functions..."}}
[debug] [2021-05-14T13:53:28.092Z] [worker-pool] addWorker(~diagnostic~) {"metadata":{"emulator":{"name":"functions"},"message":"[worker-pool] addWorker(~diagnostic~)"}}
[debug] [2021-05-14T13:53:28.092Z] [worker-pool] Adding worker with key ~diagnostic~, total=1 {"metadata":{"emulator":{"name":"functions"},"message":"[worker-pool] Adding worker with key ~diagnostic~, total=1"}}
[debug] [2021-05-14T13:53:28.093Z] [worker-pool] submitWork(triggerId=) {"metadata":{"emulator":{"name":"functions"},"message":"[worker-pool] submitWork(triggerId=)"}}
[debug] [2021-05-14T13:53:28.093Z] [worker-~diagnostic~-f7617066-47df-4a2d-a950-39fb265fa1a3]: Assigning socketPath: \\?\pipe\C:\reactecom\functions\15796 {"metadata":{"emulator":{"name":"functions"},"message":"[worker-~diagnostic~-f7617066-47df-4a2d-a950-39fb265fa1a3]: Assigning socketPath: \\\\?\\pipe\\C:\\reactecom\\functions\\15796"}}
[debug] [2021-05-14T13:53:28.094Z] [worker-~diagnostic~-f7617066-47df-4a2d-a950-39fb265fa1a3]: BUSY {"metadata":{"emulator":{"name":"functions"},"message":"[worker-~diagnostic~-f7617066-47df-4a2d-a950-39fb265fa1a3]: BUSY"}}
[debug] [2021-05-14T13:53:30.074Z] [runtime-status] [15796] Functions runtime initialized. {"cwd":"C:\\reactecom\\functions","node_version":"14.15.0"} {"metadata":{"emulator":{"name":"functions"},"message":"[runtime-status] [15796] Functions runtime initialized. {\"cwd\":\"C:\\\\reactecom\\\\functions\",\"node_version\":\"14.15.0\"}"}}
[debug] [2021-05-14T13:53:30.076Z] [runtime-status] [15796] Disabled runtime features: undefined {"metadata":{"emulator":{"name":"functions"},"message":"[runtime-status] [15796] Disabled runtime features: undefined"}}
[debug] [2021-05-14T13:53:30.108Z] [runtime-status] [15796] Resolved module firebase-admin {"declared":true,"installed":true,"version":"9.8.0","resolution":"C:\\reactecom\\functions\\node_modules\\firebase-admin\\lib\\index.js"} {"metadata":{"emulator":{"name":"functions"},"message":"[runtime-status] [15796] Resolved module firebase-admin {\"declared\":true,\"installed\":true,\"version\":\"9.8.0\",\"resolution\":\"C:\\\\reactecom\\\\functions\\\\node_modules\\\\firebase-admin\\\\lib\\\\index.js\"}"}}
[debug] [2021-05-14T13:53:30.127Z] [runtime-status] [15796] Resolved module firebase-functions {"declared":true,"installed":true,"version":"3.13.2","resolution":"C:\\reactecom\\functions\\node_modules\\firebase-functions\\lib\\index.js"} {"metadata":{"emulator":{"name":"functions"},"message":"[runtime-status] [15796] Resolved module firebase-functions {\"declared\":true,\"installed\":true,\"version\":\"3.13.2\",\"resolution\":\"C:\\\\reactecom\\\\functions\\\\node_modules\\\\firebase-functions\\\\lib\\\\index.js\"}"}}
[debug] [2021-05-14T13:53:30.131Z] [runtime-status] [15796] Resolved module firebase-functions {"declared":true,"installed":true,"version":"3.13.2","resolution":"C:\\reactecom\\functions\\node_modules\\firebase-functions\\lib\\index.js"} {"metadata":{"emulator":{"name":"functions"},"message":"[runtime-status] [15796] Resolved module firebase-functions {\"declared\":true,\"installed\":true,\"version\":\"3.13.2\",\"resolution\":\"C:\\\\reactecom\\\\functions\\\\node_modules\\\\firebase-functions\\\\lib\\\\index.js\"}"}}
[debug] [2021-05-14T13:53:30.135Z] [runtime-status] [15796] Outgoing network have been stubbed. [{"name":"http","status":"mocked"},{"name":"http","status":"mocked"},{"name":"https","status":"mocked"},{"name":"https","status":"mocked"},{"name":"net","status":"mocked"}] {"metadata":{"emulator":{"name":"functions"},"message":"[runtime-status] [15796] Outgoing network have been stubbed. [{\"name\":\"http\",\"status\":\"mocked\"},{\"name\":\"http\",\"status\":\"mocked\"},{\"name\":\"https\",\"status\":\"mocked\"},{\"name\":\"https\",\"status\":\"mocked\"},{\"name\":\"net\",\"status\":\"mocked\"}]"}}
[debug] [2021-05-14T13:53:30.137Z] [runtime-status] [15796] Resolved module firebase-functions {"declared":true,"installed":true,"version":"3.13.2","resolution":"C:\\reactecom\\functions\\node_modules\\firebase-functions\\lib\\index.js"} {"metadata":{"emulator":{"name":"functions"},"message":"[runtime-status] [15796] Resolved module firebase-functions {\"declared\":true,\"installed\":true,\"version\":\"3.13.2\",\"resolution\":\"C:\\\\reactecom\\\\functions\\\\node_modules\\\\firebase-functions\\\\lib\\\\index.js\"}"}}
[debug] [2021-05-14T13:53:30.959Z] [runtime-status] [15796] Checked functions.config() {"config":{}} {"metadata":{"emulator":{"name":"functions"},"message":"[runtime-status] [15796] Checked functions.config() {\"config\":{}}"}}
[debug] [2021-05-14T13:53:30.960Z] [runtime-status] [15796] firebase-functions has been stubbed. {"functionsResolution":{"declared":true,"installed":true,"version":"3.13.2","resolution":"C:\\reactecom\\functions\\node_modules\\firebase-functions\\lib\\index.js"}} {"metadata":{"emulator":{"name":"functions"},"message":"[runtime-status] [15796] firebase-functions has been stubbed. {\"functionsResolution\":{\"declared\":true,\"installed\":true,\"version\":\"3.13.2\",\"resolution\":\"C:\\\\reactecom\\\\functions\\\\node_modules\\\\firebase-functions\\\\lib\\\\index.js\"}}"}}
[debug] [2021-05-14T13:53:30.960Z] [runtime-status] [15796] Resolved module firebase-functions {"declared":true,"installed":true,"version":"3.13.2","resolution":"C:\\reactecom\\functions\\node_modules\\firebase-functions\\lib\\index.js"} {"metadata":{"emulator":{"name":"functions"},"message":"[runtime-status] [15796] Resolved module firebase-functions {\"declared\":true,\"installed\":true,\"version\":\"3.13.2\",\"resolution\":\"C:\\\\reactecom\\\\functions\\\\node_modules\\\\firebase-functions\\\\lib\\\\index.js\"}"}}
[debug] [2021-05-14T13:53:30.963Z] [runtime-status] [15796] Resolved module firebase-admin {"declared":true,"installed":true,"version":"9.8.0","resolution":"C:\\reactecom\\functions\\node_modules\\firebase-admin\\lib\\index.js"} {"metadata":{"emulator":{"name":"functions"},"message":"[runtime-status] [15796] Resolved module firebase-admin {\"declared\":true,\"installed\":true,\"version\":\"9.8.0\",\"resolution\":\"C:\\\\reactecom\\\\functions\\\\node_modules\\\\firebase-admin\\\\lib\\\\index.js\"}"}}
[debug] [2021-05-14T13:53:30.964Z] [runtime-status] [15796] Resolved module firebase-functions {"declared":true,"installed":true,"version":"3.13.2","resolution":"C:\\reactecom\\functions\\node_modules\\firebase-functions\\lib\\index.js"} {"metadata":{"emulator":{"name":"functions"},"message":"[runtime-status] [15796] Resolved module firebase-functions {\"declared\":true,\"installed\":true,\"version\":\"3.13.2\",\"resolution\":\"C:\\\\reactecom\\\\functions\\\\node_modules\\\\firebase-functions\\\\lib\\\\index.js\"}"}}
[debug] [2021-05-14T13:53:30.965Z] [runtime-status] [15796] firebase-admin has been stubbed. {"adminResolution":{"declared":true,"installed":true,"version":"9.8.0","resolution":"C:\\reactecom\\functions\\node_modules\\firebase-admin\\lib\\index.js"}} {"metadata":{"emulator":{"name":"functions"},"message":"[runtime-status] [15796] firebase-admin has been stubbed. {\"adminResolution\":{\"declared\":true,\"installed\":true,\"version\":\"9.8.0\",\"resolution\":\"C:\\\\reactecom\\\\functions\\\\node_modules\\\\firebase-admin\\\\lib\\\\index.js\"}}"}}
[info] +  functions[api]: http function initialized (http://localhost:5001/myecom-4cbff/us-central1/api). {"metadata":{"emulator":{"name":"functions"},"message":"\u001b[1mhttp\u001b[22m function initialized (http://localhost:5001/myecom-4cbff/us-central1/api)."}}
[info] 
┌─────────────────────────────────────────────────────────────┐
│ ✔  All emulators ready! It is now safe to connect your app. │
│ i  View Emulator UI at http://localhost:4000                │
└─────────────────────────────────────────────────────────────┘

┌───────────┬────────────────┬─────────────────────────────────┐
│ Emulator  │ Host:Port      │ View in Emulator UI             │
├───────────┼────────────────┼─────────────────────────────────┤
│ Functions │ localhost:5001 │ http://localhost:4000/functions │
└───────────┴────────────────┴─────────────────────────────────┘
  Emulator Hub running at localhost:4400
  Other reserved ports: 4500

Issues? Report them at https://github.com/firebase/firebase-tools/issues and attach the *-debug.log files.
 
[debug] [2021-05-14T13:53:33.874Z] [worker-~diagnostic~-f7617066-47df-4a2d-a950-39fb265fa1a3]: IDLE {"metadata":{"emulator":{"name":"functions"},"message":"[worker-~diagnostic~-f7617066-47df-4a2d-a950-39fb265fa1a3]: IDLE"}}
[debug] [2021-05-14T13:55:52.815Z] [work-queue] {"queueLength":1,"workRunningCount":0}
[debug] [2021-05-14T13:55:52.815Z] [work-queue] {"queueLength":0,"workRunningCount":1}
[debug] [2021-05-14T13:55:52.815Z] Accepted request OPTIONS /myecom-4cbff/us-central1/api/payments/create --> api
[debug] [2021-05-14T13:55:52.829Z] [worker-pool] addWorker(api) {"metadata":{"emulator":{"name":"functions"},"message":"[worker-pool] addWorker(api)"}}
[debug] [2021-05-14T13:55:52.830Z] [worker-pool] Adding worker with key api, total=1 {"metadata":{"emulator":{"name":"functions"},"message":"[worker-pool] Adding worker with key api, total=1"}}
[debug] [2021-05-14T13:55:52.830Z] [worker-pool] submitWork(triggerId=api) {"metadata":{"emulator":{"name":"functions"},"message":"[worker-pool] submitWork(triggerId=api)"}}
[debug] [2021-05-14T13:55:52.830Z] [worker-api-537fff8d-2d39-4e34-84ff-2c544a069ed0]: Assigning socketPath: \\?\pipe\C:\reactecom\functions\18268 {"metadata":{"emulator":{"name":"functions"},"message":"[worker-api-537fff8d-2d39-4e34-84ff-2c544a069ed0]: Assigning socketPath: \\\\?\\pipe\\C:\\reactecom\\functions\\18268"}}
[debug] [2021-05-14T13:55:52.831Z] [worker-api-537fff8d-2d39-4e34-84ff-2c544a069ed0]: BUSY {"metadata":{"emulator":{"name":"functions"},"message":"[worker-api-537fff8d-2d39-4e34-84ff-2c544a069ed0]: BUSY"}}
[debug] [2021-05-14T13:55:53.512Z] [runtime-status] [18268] Functions runtime initialized. {"cwd":"C:\\reactecom\\functions","node_version":"14.15.0"} {"metadata":{"emulator":{"name":"functions"},"function":{"name":"api"},"message":"[runtime-status] [18268] Functions runtime initialized. {\"cwd\":\"C:\\\\reactecom\\\\functions\",\"node_version\":\"14.15.0\"}"}}
[debug] [2021-05-14T13:55:53.514Z] [runtime-status] [18268] Disabled runtime features: undefined {"metadata":{"emulator":{"name":"functions"},"function":{"name":"api"},"message":"[runtime-status] [18268] Disabled runtime features: undefined"}}
[debug] [2021-05-14T13:55:53.517Z] [runtime-status] [18268] Resolved module firebase-admin {"declared":true,"installed":true,"version":"9.8.0","resolution":"C:\\reactecom\\functions\\node_modules\\firebase-admin\\lib\\index.js"} {"metadata":{"emulator":{"name":"functions"},"function":{"name":"api"},"message":"[runtime-status] [18268] Resolved module firebase-admin {\"declared\":true,\"installed\":true,\"version\":\"9.8.0\",\"resolution\":\"C:\\\\reactecom\\\\functions\\\\node_modules\\\\firebase-admin\\\\lib\\\\index.js\"}"}}
[debug] [2021-05-14T13:55:53.519Z] [runtime-status] [18268] Resolved module firebase-functions {"declared":true,"installed":true,"version":"3.13.2","resolution":"C:\\reactecom\\functions\\node_modules\\firebase-functions\\lib\\index.js"} {"metadata":{"emulator":{"name":"functions"},"function":{"name":"api"},"message":"[runtime-status] [18268] Resolved module firebase-functions {\"declared\":true,\"installed\":true,\"version\":\"3.13.2\",\"resolution\":\"C:\\\\reactecom\\\\functions\\\\node_modules\\\\firebase-functions\\\\lib\\\\index.js\"}"}}
[debug] [2021-05-14T13:55:53.521Z] [runtime-status] [18268] Resolved module firebase-functions {"declared":true,"installed":true,"version":"3.13.2","resolution":"C:\\reactecom\\functions\\node_modules\\firebase-functions\\lib\\index.js"} {"metadata":{"emulator":{"name":"functions"},"function":{"name":"api"},"message":"[runtime-status] [18268] Resolved module firebase-functions {\"declared\":true,\"installed\":true,\"version\":\"3.13.2\",\"resolution\":\"C:\\\\reactecom\\\\functions\\\\node_modules\\\\firebase-functions\\\\lib\\\\index.js\"}"}}
[debug] [2021-05-14T13:55:53.525Z] [runtime-status] [18268] Outgoing network have been stubbed. [{"name":"http","status":"mocked"},{"name":"http","status":"mocked"},{"name":"https","status":"mocked"},{"name":"https","status":"mocked"},{"name":"net","status":"mocked"}] {"metadata":{"emulator":{"name":"functions"},"function":{"name":"api"},"message":"[runtime-status] [18268] Outgoing network have been stubbed. [{\"name\":\"http\",\"status\":\"mocked\"},{\"name\":\"http\",\"status\":\"mocked\"},{\"name\":\"https\",\"status\":\"mocked\"},{\"name\":\"https\",\"status\":\"mocked\"},{\"name\":\"net\",\"status\":\"mocked\"}]"}}
[debug] [2021-05-14T13:55:53.527Z] [runtime-status] [18268] Resolved module firebase-functions {"declared":true,"installed":true,"version":"3.13.2","resolution":"C:\\reactecom\\functions\\node_modules\\firebase-functions\\lib\\index.js"} {"metadata":{"emulator":{"name":"functions"},"function":{"name":"api"},"message":"[runtime-status] [18268] Resolved module firebase-functions {\"declared\":true,\"installed\":true,\"version\":\"3.13.2\",\"resolution\":\"C:\\\\reactecom\\\\functions\\\\node_modules\\\\firebase-functions\\\\lib\\\\index.js\"}"}}
[debug] [2021-05-14T13:55:53.600Z] [runtime-status] [18268] Checked functions.config() {"config":{}} {"metadata":{"emulator":{"name":"functions"},"function":{"name":"api"},"message":"[runtime-status] [18268] Checked functions.config() {\"config\":{}}"}}
[debug] [2021-05-14T13:55:53.600Z] [runtime-status] [18268] firebase-functions has been stubbed. {"functionsResolution":{"declared":true,"installed":true,"version":"3.13.2","resolution":"C:\\reactecom\\functions\\node_modules\\firebase-functions\\lib\\index.js"}} {"metadata":{"emulator":{"name":"functions"},"function":{"name":"api"},"message":"[runtime-status] [18268] firebase-functions has been stubbed. {\"functionsResolution\":{\"declared\":true,\"installed\":true,\"version\":\"3.13.2\",\"resolution\":\"C:\\\\reactecom\\\\functions\\\\node_modules\\\\firebase-functions\\\\lib\\\\index.js\"}}"}}
[debug] [2021-05-14T13:55:53.601Z] [runtime-status] [18268] Resolved module firebase-functions {"declared":true,"installed":true,"version":"3.13.2","resolution":"C:\\reactecom\\functions\\node_modules\\firebase-functions\\lib\\index.js"} {"metadata":{"emulator":{"name":"functions"},"function":{"name":"api"},"message":"[runtime-status] [18268] Resolved module firebase-functions {\"declared\":true,\"installed\":true,\"version\":\"3.13.2\",\"resolution\":\"C:\\\\reactecom\\\\functions\\\\node_modules\\\\firebase-functions\\\\lib\\\\index.js\"}"}}
[debug] [2021-05-14T13:55:53.602Z] [runtime-status] [18268] Resolved module firebase-admin {"declared":true,"installed":true,"version":"9.8.0","resolution":"C:\\reactecom\\functions\\node_modules\\firebase-admin\\lib\\index.js"} {"metadata":{"emulator":{"name":"functions"},"function":{"name":"api"},"message":"[runtime-status] [18268] Resolved module firebase-admin {\"declared\":true,\"installed\":true,\"version\":\"9.8.0\",\"resolution\":\"C:\\\\reactecom\\\\functions\\\\node_modules\\\\firebase-admin\\\\lib\\\\index.js\"}"}}
[debug] [2021-05-14T13:55:53.602Z] [runtime-status] [18268] Resolved module firebase-functions {"declared":true,"installed":true,"version":"3.13.2","resolution":"C:\\reactecom\\functions\\node_modules\\firebase-functions\\lib\\index.js"} {"metadata":{"emulator":{"name":"functions"},"function":{"name":"api"},"message":"[runtime-status] [18268] Resolved module firebase-functions {\"declared\":true,\"installed\":true,\"version\":\"3.13.2\",\"resolution\":\"C:\\\\reactecom\\\\functions\\\\node_modules\\\\firebase-functions\\\\lib\\\\index.js\"}"}}
[debug] [2021-05-14T13:55:53.603Z] [runtime-status] [18268] firebase-admin has been stubbed. {"adminResolution":{"declared":true,"installed":true,"version":"9.8.0","resolution":"C:\\reactecom\\functions\\node_modules\\firebase-admin\\lib\\index.js"}} {"metadata":{"emulator":{"name":"functions"},"function":{"name":"api"},"message":"[runtime-status] [18268] firebase-admin has been stubbed. {\"adminResolution\":{\"declared\":true,\"installed\":true,\"version\":\"9.8.0\",\"resolution\":\"C:\\\\reactecom\\\\functions\\\\node_modules\\\\firebase-admin\\\\lib\\\\index.js\"}}"}}
[debug] [2021-05-14T13:55:53.798Z] [runtime-status] [18268] Trigger "api" has been found, beginning invocation! {"metadata":{"emulator":{"name":"functions"},"function":{"name":"api"},"message":"[runtime-status] [18268] Trigger \"api\" has been found, beginning invocation!"}}
[info] i  functions: Beginning execution of "api" {"metadata":{"emulator":{"name":"functions"},"function":{"name":"api"},"message":"Beginning execution of \"api\""}}
[debug] [2021-05-14T13:55:53.800Z] [runtime-status] [18268] triggerDefinition {"httpsTrigger":{},"name":"api","entryPoint":"api"} {"metadata":{"emulator":{"name":"functions"},"function":{"name":"api"},"message":"[runtime-status] [18268] triggerDefinition {\"httpsTrigger\":{},\"name\":\"api\",\"entryPoint\":\"api\"}"}}
[debug] [2021-05-14T13:55:53.800Z] [runtime-status] [18268] Running api in mode HTTPS {"metadata":{"emulator":{"name":"functions"},"function":{"name":"api"},"message":"[runtime-status] [18268] Running api in mode HTTPS"}}
[debug] [2021-05-14T13:55:53.803Z] [runtime-status] [18268] Attempting to listen to socketPath: \\?\pipe\C:\reactecom\functions\18268 {"metadata":{"emulator":{"name":"functions"},"function":{"name":"api"},"message":"[runtime-status] [18268] Attempting to listen to socketPath: \\\\?\\pipe\\C:\\reactecom\\functions\\18268"}}
[debug] [2021-05-14T13:55:53.806Z] [functions] Runtime ready! Sending request! {"metadata":{"emulator":{"name":"functions"},"message":"[functions] Runtime ready! Sending request!"}}
[debug] [2021-05-14T13:55:53.807Z] [functions] Got req.url=/myecom-4cbff/us-central1/api/payments/create, mapping to path=/payments/create {"metadata":{"emulator":{"name":"functions"},"message":"[functions] Got req.url=/myecom-4cbff/us-central1/api/payments/create, mapping to path=/payments/create"}}
[debug] [2021-05-14T13:55:53.815Z] [runtime-status] [18268] Ephemeral server handling OPTIONS request {"metadata":{"emulator":{"name":"functions"},"function":{"name":"api"},"message":"[runtime-status] [18268] Ephemeral server handling OPTIONS request"}}
[debug] [2021-05-14T13:55:53.822Z] [runtime-status] [18268] Ephemeral server survived. {"metadata":{"emulator":{"name":"functions"},"function":{"name":"api"},"message":"[runtime-status] [18268] Ephemeral server survived."}}
[debug] [2021-05-14T13:55:53.825Z] [work-queue] {"queueLength":1,"workRunningCount":1}
[debug] [2021-05-14T13:55:53.825Z] [work-queue] {"queueLength":0,"workRunningCount":2}
[debug] [2021-05-14T13:55:53.825Z] Accepted request POST /myecom-4cbff/us-central1/api/payments/create --> api
[debug] [2021-05-14T13:55:53.835Z] [worker-pool] addWorker(api) {"metadata":{"emulator":{"name":"functions"},"message":"[worker-pool] addWorker(api)"}}
[debug] [2021-05-14T13:55:53.835Z] [worker-pool] Adding worker with key api, total=2 {"metadata":{"emulator":{"name":"functions"},"message":"[worker-pool] Adding worker with key api, total=2"}}
[debug] [2021-05-14T13:55:53.836Z] [worker-pool] submitWork(triggerId=api) {"metadata":{"emulator":{"name":"functions"},"message":"[worker-pool] submitWork(triggerId=api)"}}
[debug] [2021-05-14T13:55:53.836Z] [worker-api-faaafac1-fd3d-4106-97c7-951116d130f6]: Assigning socketPath: \\?\pipe\C:\reactecom\functions\5184 {"metadata":{"emulator":{"name":"functions"},"message":"[worker-api-faaafac1-fd3d-4106-97c7-951116d130f6]: Assigning socketPath: \\\\?\\pipe\\C:\\reactecom\\functions\\5184"}}
[debug] [2021-05-14T13:55:53.837Z] [worker-api-faaafac1-fd3d-4106-97c7-951116d130f6]: BUSY {"metadata":{"emulator":{"name":"functions"},"message":"[worker-api-faaafac1-fd3d-4106-97c7-951116d130f6]: BUSY"}}
[info] i  functions: Finished "api" in ~1s {"metadata":{"emulator":{"name":"functions"},"function":{"name":"api"},"message":"Finished \"api\" in ~1s"}}
[debug] [2021-05-14T13:55:53.838Z] [worker-api-537fff8d-2d39-4e34-84ff-2c544a069ed0]: IDLE {"metadata":{"emulator":{"name":"functions"},"message":"[worker-api-537fff8d-2d39-4e34-84ff-2c544a069ed0]: IDLE"}}
[debug] [2021-05-14T13:55:53.838Z] [work-queue] {"queueLength":0,"workRunningCount":1}
[debug] [2021-05-14T13:55:54.100Z] [runtime-status] [5184] Functions runtime initialized. {"cwd":"C:\\reactecom\\functions","node_version":"14.15.0"} {"metadata":{"emulator":{"name":"functions"},"function":{"name":"api"},"message":"[runtime-status] [5184] Functions runtime initialized. {\"cwd\":\"C:\\\\reactecom\\\\functions\",\"node_version\":\"14.15.0\"}"}}
[debug] [2021-05-14T13:55:54.102Z] [runtime-status] [5184] Disabled runtime features: undefined {"metadata":{"emulator":{"name":"functions"},"function":{"name":"api"},"message":"[runtime-status] [5184] Disabled runtime features: undefined"}}
[debug] [2021-05-14T13:55:54.104Z] [runtime-status] [5184] Resolved module firebase-admin {"declared":true,"installed":true,"version":"9.8.0","resolution":"C:\\reactecom\\functions\\node_modules\\firebase-admin\\lib\\index.js"} {"metadata":{"emulator":{"name":"functions"},"function":{"name":"api"},"message":"[runtime-status] [5184] Resolved module firebase-admin {\"declared\":true,\"installed\":true,\"version\":\"9.8.0\",\"resolution\":\"C:\\\\reactecom\\\\functions\\\\node_modules\\\\firebase-admin\\\\lib\\\\index.js\"}"}}
[debug] [2021-05-14T13:55:54.106Z] [runtime-status] [5184] Resolved module firebase-functions {"declared":true,"installed":true,"version":"3.13.2","resolution":"C:\\reactecom\\functions\\node_modules\\firebase-functions\\lib\\index.js"} {"metadata":{"emulator":{"name":"functions"},"function":{"name":"api"},"message":"[runtime-status] [5184] Resolved module firebase-functions {\"declared\":true,\"installed\":true,\"version\":\"3.13.2\",\"resolution\":\"C:\\\\reactecom\\\\functions\\\\node_modules\\\\firebase-functions\\\\lib\\\\index.js\"}"}}
[debug] [2021-05-14T13:55:54.108Z] [runtime-status] [5184] Resolved module firebase-functions {"declared":true,"installed":true,"version":"3.13.2","resolution":"C:\\reactecom\\functions\\node_modules\\firebase-functions\\lib\\index.js"} {"metadata":{"emulator":{"name":"functions"},"function":{"name":"api"},"message":"[runtime-status] [5184] Resolved module firebase-functions {\"declared\":true,\"installed\":true,\"version\":\"3.13.2\",\"resolution\":\"C:\\\\reactecom\\\\functions\\\\node_modules\\\\firebase-functions\\\\lib\\\\index.js\"}"}}
[debug] [2021-05-14T13:55:54.110Z] [runtime-status] [5184] Outgoing network have been stubbed. [{"name":"http","status":"mocked"},{"name":"http","status":"mocked"},{"name":"https","status":"mocked"},{"name":"https","status":"mocked"},{"name":"net","status":"mocked"}] {"metadata":{"emulator":{"name":"functions"},"function":{"name":"api"},"message":"[runtime-status] [5184] Outgoing network have been stubbed. [{\"name\":\"http\",\"status\":\"mocked\"},{\"name\":\"http\",\"status\":\"mocked\"},{\"name\":\"https\",\"status\":\"mocked\"},{\"name\":\"https\",\"status\":\"mocked\"},{\"name\":\"net\",\"status\":\"mocked\"}]"}}
[debug] [2021-05-14T13:55:54.111Z] [runtime-status] [5184] Resolved module firebase-functions {"declared":true,"installed":true,"version":"3.13.2","resolution":"C:\\reactecom\\functions\\node_modules\\firebase-functions\\lib\\index.js"} {"metadata":{"emulator":{"name":"functions"},"function":{"name":"api"},"message":"[runtime-status] [5184] Resolved module firebase-functions {\"declared\":true,\"installed\":true,\"version\":\"3.13.2\",\"resolution\":\"C:\\\\reactecom\\\\functions\\\\node_modules\\\\firebase-functions\\\\lib\\\\index.js\"}"}}
[debug] [2021-05-14T13:55:54.162Z] [runtime-status] [5184] Checked functions.config() {"config":{}} {"metadata":{"emulator":{"name":"functions"},"function":{"name":"api"},"message":"[runtime-status] [5184] Checked functions.config() {\"config\":{}}"}}
[debug] [2021-05-14T13:55:54.162Z] [runtime-status] [5184] firebase-functions has been stubbed. {"functionsResolution":{"declared":true,"installed":true,"version":"3.13.2","resolution":"C:\\reactecom\\functions\\node_modules\\firebase-functions\\lib\\index.js"}} {"metadata":{"emulator":{"name":"functions"},"function":{"name":"api"},"message":"[runtime-status] [5184] firebase-functions has been stubbed. {\"functionsResolution\":{\"declared\":true,\"installed\":true,\"version\":\"3.13.2\",\"resolution\":\"C:\\\\reactecom\\\\functions\\\\node_modules\\\\firebase-functions\\\\lib\\\\index.js\"}}"}}
[debug] [2021-05-14T13:55:54.163Z] [runtime-status] [5184] Resolved module firebase-functions {"declared":true,"installed":true,"version":"3.13.2","resolution":"C:\\reactecom\\functions\\node_modules\\firebase-functions\\lib\\index.js"} {"metadata":{"emulator":{"name":"functions"},"function":{"name":"api"},"message":"[runtime-status] [5184] Resolved module firebase-functions {\"declared\":true,\"installed\":true,\"version\":\"3.13.2\",\"resolution\":\"C:\\\\reactecom\\\\functions\\\\node_modules\\\\firebase-functions\\\\lib\\\\index.js\"}"}}
[debug] [2021-05-14T13:55:54.164Z] [runtime-status] [5184] Resolved module firebase-admin {"declared":true,"installed":true,"version":"9.8.0","resolution":"C:\\reactecom\\functions\\node_modules\\firebase-admin\\lib\\index.js"} {"metadata":{"emulator":{"name":"functions"},"function":{"name":"api"},"message":"[runtime-status] [5184] Resolved module firebase-admin {\"declared\":true,\"installed\":true,\"version\":\"9.8.0\",\"resolution\":\"C:\\\\reactecom\\\\functions\\\\node_modules\\\\firebase-admin\\\\lib\\\\index.js\"}"}}
[debug] [2021-05-14T13:55:54.165Z] [runtime-status] [5184] Resolved module firebase-functions {"declared":true,"installed":true,"version":"3.13.2","resolution":"C:\\reactecom\\functions\\node_modules\\firebase-functions\\lib\\index.js"} {"metadata":{"emulator":{"name":"functions"},"function":{"name":"api"},"message":"[runtime-status] [5184] Resolved module firebase-functions {\"declared\":true,\"installed\":true,\"version\":\"3.13.2\",\"resolution\":\"C:\\\\reactecom\\\\functions\\\\node_modules\\\\firebase-functions\\\\lib\\\\index.js\"}"}}
[debug] [2021-05-14T13:55:54.165Z] [runtime-status] [5184] firebase-admin has been stubbed. {"adminResolution":{"declared":true,"installed":true,"version":"9.8.0","resolution":"C:\\reactecom\\functions\\node_modules\\firebase-admin\\lib\\index.js"}} {"metadata":{"emulator":{"name":"functions"},"function":{"name":"api"},"message":"[runtime-status] [5184] firebase-admin has been stubbed. {\"adminResolution\":{\"declared\":true,\"installed\":true,\"version\":\"9.8.0\",\"resolution\":\"C:\\\\reactecom\\\\functions\\\\node_modules\\\\firebase-admin\\\\lib\\\\index.js\"}}"}}
[debug] [2021-05-14T13:55:54.355Z] [runtime-status] [5184] Trigger "api" has been found, beginning invocation! {"metadata":{"emulator":{"name":"functions"},"function":{"name":"api"},"message":"[runtime-status] [5184] Trigger \"api\" has been found, beginning invocation!"}}
[info] i  functions: Beginning execution of "api" {"metadata":{"emulator":{"name":"functions"},"function":{"name":"api"},"message":"Beginning execution of \"api\""}}
[debug] [2021-05-14T13:55:54.356Z] [runtime-status] [5184] triggerDefinition {"httpsTrigger":{},"name":"api","entryPoint":"api"} {"metadata":{"emulator":{"name":"functions"},"function":{"name":"api"},"message":"[runtime-status] [5184] triggerDefinition {\"httpsTrigger\":{},\"name\":\"api\",\"entryPoint\":\"api\"}"}}
[debug] [2021-05-14T13:55:54.356Z] [runtime-status] [5184] Running api in mode HTTPS {"metadata":{"emulator":{"name":"functions"},"function":{"name":"api"},"message":"[runtime-status] [5184] Running api in mode HTTPS"}}
[debug] [2021-05-14T13:55:54.360Z] [runtime-status] [5184] Attempting to listen to socketPath: \\?\pipe\C:\reactecom\functions\5184 {"metadata":{"emulator":{"name":"functions"},"function":{"name":"api"},"message":"[runtime-status] [5184] Attempting to listen to socketPath: \\\\?\\pipe\\C:\\reactecom\\functions\\5184"}}
[debug] [2021-05-14T13:55:54.364Z] [functions] Runtime ready! Sending request! {"metadata":{"emulator":{"name":"functions"},"message":"[functions] Runtime ready! Sending request!"}}
[debug] [2021-05-14T13:55:54.365Z] [functions] Got req.url=/myecom-4cbff/us-central1/api/payments/create, mapping to path=/payments/create {"metadata":{"emulator":{"name":"functions"},"message":"[functions] Got req.url=/myecom-4cbff/us-central1/api/payments/create, mapping to path=/payments/create"}}
[debug] [2021-05-14T13:55:54.520Z] [runtime-status] [5184] Ephemeral server handling POST request {"metadata":{"emulator":{"name":"functions"},"function":{"name":"api"},"message":"[runtime-status] [5184] Ephemeral server handling POST request"}}
[debug] [2021-05-14T13:55:54.538Z] [runtime-status] [5184] Ephemeral server survived. {"metadata":{"emulator":{"name":"functions"},"function":{"name":"api"},"message":"[runtime-status] [5184] Ephemeral server survived."}}
[info] i  functions: Finished "api" in ~1s {"metadata":{"emulator":{"name":"functions"},"function":{"name":"api"},"message":"Finished \"api\" in ~1s"}}
[debug] [2021-05-14T13:55:55.700Z] [worker-api-faaafac1-fd3d-4106-97c7-951116d130f6]: IDLE {"metadata":{"emulator":{"name":"functions"},"message":"[worker-api-faaafac1-fd3d-4106-97c7-951116d130f6]: IDLE"}}
[debug] [2021-05-14T13:55:55.701Z] [work-queue] {"queueLength":0,"workRunningCount":0}
